0 info it worked if it ends with ok
1 verbose cli [ '/usr/local/bin/node', '/usr/local/bin/npm', 'link' ]
2 info using npm@1.4.28
3 info using node@v0.10.35
4 verbose node symlink /usr/local/bin/node
5 verbose linkPkg /home/ryan/greet
6 error Failed to parse json
6 error Unexpected string
7 error File: /home/ryan/greet/package.json
8 error Failed to parse package.json data.
8 error package.json must be actual JSON, not just JavaScript.
8 error
8 error This is not a bug in npm.
8 error Tell the package author to fix their package.json file. JSON.parse
9 error System Linux 3.13.0-43-generic
10 error command "/usr/local/bin/node" "/usr/local/bin/npm" "link"
11 error cwd /home/ryan/greet
12 error node -v v0.10.35
13 error npm -v 1.4.28
14 error file /home/ryan/greet/package.json
15 error code EJSONPARSE
16 verbose exit [ 1, true ]
